[16:23:12] [main/INFO]: Setting user: ForgeDevName
[16:23:13] [Client thread/INFO]: LWJGL Version: 2.9.0
[16:23:17] [Client thread/INFO]: Reloading ResourceManager: Default, FMLFileResourcePack:Forge Mod Loader, FMLFileResourcePack:Minecraft Forge, FMLFileResourcePack:Lets Mod Reboot
[16:23:18] [Sound Library Loader/INFO]: Sound engine started
[16:23:18] [Client thread/INFO]: Created: 512x256 textures/blocks-atlas
[16:23:18] [Client thread/INFO]: Created: 256x256 textures/items-atlas
[16:23:18] [Client thread/INFO]: Reloading ResourceManager: Default, FMLFileResourcePack:Forge Mod Loader, FMLFileResourcePack:Minecraft Forge, FMLFileResourcePack:Lets Mod Reboot
[16:23:19] [Client thread/INFO]: Created: 256x256 textures/items-atlas
[16:23:19] [Client thread/INFO]: Created: 512x256 textures/blocks-atlas
[16:23:20] [Sound Library Loader/INFO]: Sound engine started
[16:23:21] [MCO Availability Checker #1/ERROR]: Couldn't connect to Realms
[16:32:02] [main/INFO]: Setting user: ForgeDevName
[16:32:03] [Client thread/INFO]: LWJGL Version: 2.9.0
[16:32:07] [Client thread/INFO]: Reloading ResourceManager: Default, FMLFileResourcePack:Forge Mod Loader, FMLFileResourcePack:Minecraft Forge, FMLFileResourcePack:Lets Mod Reboot
[16:32:07] [Sound Library Loader/INFO]: Sound engine started
[16:32:08] [Client thread/INFO]: Created: 512x256 textures/blocks-atlas
[16:32:08] [Client thread/INFO]: Created: 256x256 textures/items-atlas
[16:32:08] [Client thread/INFO]: Reloading ResourceManager: Default, FMLFileResourcePack:Forge Mod Loader, FMLFileResourcePack:Minecraft Forge, FMLFileResourcePack:Lets Mod Reboot
[16:32:08] [Client thread/INFO]: Created: 256x256 textures/items-atlas
[16:32:09] [Client thread/INFO]: Created: 512x256 textures/blocks-atlas
[16:32:09] [Sound Library Loader/INFO]: Sound engine started
[16:32:10] [MCO Availability Checker #1/ERROR]: Couldn't connect to Realms
[16:32:54] [Client thread/INFO]: Stopping!
